2024-07-03 13:47:13,323 [INFO] Successfully connected to MongoDB
2024-07-03 13:48:57,178 [INFO] File 'fileName.pdf' uploaded successfully to 'mymedirecords/reports/66850288b914347fa475e706/20240703134854_fileName.pdf'
2024-07-03 13:48:57,179 [INFO] INFO: patient_id:66850288b914347fa475e706, report_id:66850288b914347fa475e706_20240703134854, aws_path:reports/66850288b914347fa475e706/20240703134854_fileName.pdf added to queue!!
2024-07-03 13:48:57,181 [INFO] INFO: patient_id:66850288b914347fa475e706, report_id:66850288b914347fa475e706_20240703134854, aws_path:reports/66850288b914347fa475e706/20240703134854_fileName.pdf processing started!!
2024-07-03 13:48:58,085 [ERROR] ERROR: Failed to process report - patient_id:66850288b914347fa475e706, report_id:66850288b914347fa475e706_20240703134854, error:An error occurred (404) when calling the HeadObject operation: Not Found
2024-07-03 13:56:08,290 [INFO] Successfully connected to MongoDB
2024-07-03 13:56:58,969 [INFO] File 'fileName.pdf' uploaded successfully to 'mymedirecords/reports/66850288b914347fa475e706/20240703135656_fileName.pdf'
2024-07-03 13:56:58,970 [INFO] INFO: patient_id:66850288b914347fa475e706, report_id:66850288b914347fa475e706_20240703135656, aws_path:reports/66850288b914347fa475e706/20240703135656_fileName.pdf added to queue!!
2024-07-03 13:56:58,970 [INFO] INFO: patient_id:66850288b914347fa475e706, report_id:66850288b914347fa475e706_20240703135656, aws_path:reports/66850288b914347fa475e706/20240703135656_fileName.pdf processing started!!
2024-07-03 13:56:59,946 [ERROR] ERROR: Failed to process report - patient_id:66850288b914347fa475e706, report_id:66850288b914347fa475e706_20240703135656, error:An error occurred (404) when calling the HeadObject operation: Not Found
2024-07-03 13:59:47,493 [INFO] Successfully connected to MongoDB
2024-07-03 13:59:49,307 [INFO] Successfully connected to MongoDB
2024-07-03 14:00:20,634 [INFO] INFO: Generated S3 key for upload: reports/66850288b914347fa475e706/20240703140020_fileName.pdf
2024-07-03 14:00:22,965 [INFO] File 'fileName.pdf' uploaded successfully to 'mymedirecords/reports/66850288b914347fa475e706/20240703140020_fileName.pdf'
2024-07-03 14:00:22,966 [INFO] INFO: patient_id:66850288b914347fa475e706, report_id:66850288b914347fa475e706_20240703140020, aws_path:reports/66850288b914347fa475e706/20240703140020_fileName.pdf added to queue!!
2024-07-03 14:00:22,968 [INFO] INFO: patient_id:66850288b914347fa475e706, report_id:66850288b914347fa475e706_20240703140020, aws_path:reports/66850288b914347fa475e706/20240703140020_fileName.pdf processing started!!
2024-07-03 14:00:22,968 [INFO] INFO: Attempting to download file from S3. S3 key: reports/66850288b914347fa475e706/20240703140020_fileName.pdf
2024-07-03 14:00:23,997 [ERROR] ERROR: Failed to process report - patient_id:66850288b914347fa475e706, report_id:66850288b914347fa475e706_20240703140020, error:An error occurred (404) when calling the HeadObject operation: Not Found
2024-07-03 14:00:57,931 [INFO] Successfully connected to MongoDB
2024-07-03 14:01:10,977 [INFO] INFO: Generated S3 key for upload: reports/66850288b914347fa475e706/20240703140110_fileName.pdf
2024-07-03 14:01:13,347 [INFO] File 'fileName.pdf' uploaded successfully to 'mymedirecords/reports/66850288b914347fa475e706/20240703140110_fileName.pdf'
2024-07-03 14:01:13,348 [INFO] INFO: patient_id:66850288b914347fa475e706, report_id:66850288b914347fa475e706_20240703140110, aws_path:reports/66850288b914347fa475e706/20240703140110_fileName.pdf added to queue!!
2024-07-03 14:01:13,350 [INFO] INFO: patient_id:66850288b914347fa475e706, report_id:66850288b914347fa475e706_20240703140110, aws_path:reports/66850288b914347fa475e706/20240703140110_fileName.pdf processing started!!
2024-07-03 14:01:13,351 [INFO] INFO: Attempting to download file from S3. S3 key: reports/66850288b914347fa475e706/20240703140110_fileName.pdf
2024-07-03 14:01:14,364 [ERROR] ERROR: Failed to process report - patient_id:66850288b914347fa475e706, report_id:66850288b914347fa475e706_20240703140110, error:An error occurred (404) when calling the HeadObject operation: Not Found
2024-07-03 14:15:40,207 [INFO] INFO: File 'fileName.pdf' uploaded successfully to 'mymedirecords/reports/66850288b914347fa475e706/20240703141537_fileName.pdf'
2024-07-03 14:15:40,208 [INFO] INFO: patient_id:66850288b914347fa475e706, report_id:66850288b914347fa475e706_20240703141537, aws_path:reports/66850288b914347fa475e706/20240703141537_fileName.pdf added to queue!!
2024-07-03 14:15:40,208 [INFO] INFO: patient_id:66850288b914347fa475e706, report_id:66850288b914347fa475e706_20240703141537, aws_path:reports/66850288b914347fa475e706/20240703141537_fileName.pdf processing started!!
2024-07-03 14:15:40,210 [INFO] INFO: Attempting to download file from S3. S3 key: reports/66850288b914347fa475e706/20240703141537_fileName.pdf
2024-07-03 14:15:41,020 [ERROR] ERROR: Failed to download file from S3 - patient_id:66850288b914347fa475e706, report_id:66850288b914347fa475e706_20240703141537, error:An error occurred (404) when calling the HeadObject operation: Not Found
2024-07-03 15:46:10,607 [INFO] INFO: File 'fileName.pdf' uploaded successfully to 'mymedirecords/reports/66850288b914347fa475e706/20240703154608_fileName.pdf'
2024-07-03 15:46:10,614 [INFO] INFO: patient_id:66850288b914347fa475e706, report_id:66850288b914347fa475e706_20240703154608, aws_path:reports/66850288b914347fa475e706/20240703154608_fileName.pdf added to queue!!
2024-07-03 15:46:10,614 [INFO] INFO: patient_id:66850288b914347fa475e706, report_id:66850288b914347fa475e706_20240703154608, aws_path:reports/66850288b914347fa475e706/20240703154608_fileName.pdf processing started!!
2024-07-03 15:46:10,615 [INFO] INFO: Attempting to download file from S3. S3 key: reports/66850288b914347fa475e706/20240703154608_fileName.pdf
2024-07-03 15:46:11,488 [ERROR] ERROR: Failed to download file from S3 - patient_id:66850288b914347fa475e706, report_id:66850288b914347fa475e706_20240703154608, error:An error occurred (404) when calling the HeadObject operation: Not Found
2024-07-03 15:52:18,208 [INFO] INFO: File 'fileName.pdf' uploaded successfully to 'mymedirecords/reports/66850288b914347fa475e706/20240703155215_fileName.pdf'
2024-07-03 15:52:18,208 [INFO] INFO: patient_id:66850288b914347fa475e706, report_id:66850288b914347fa475e706_20240703155215, aws_path:reports/66850288b914347fa475e706/20240703155215_fileName.pdf added to queue!!
2024-07-03 15:52:18,209 [INFO] INFO: patient_id:66850288b914347fa475e706, report_id:66850288b914347fa475e706_20240703155215, aws_path:reports/66850288b914347fa475e706/20240703155215_fileName.pdf processing started!!
2024-07-03 15:52:18,213 [INFO] INFO: Attempting to download file from S3. S3 key: reports/66850288b914347fa475e706/20240703155215_fileName.pdf
2024-07-03 15:52:19,517 [ERROR] ERROR: Failed to download file from S3 - patient_id:66850288b914347fa475e706, report_id:66850288b914347fa475e706_20240703155215, error:An error occurred (404) when calling the HeadObject operation: Not Found
2024-07-03 15:56:09,028 [INFO] INFO: File 'fileName.pdf' uploaded successfully to 'mymedirecords/reports/66850288b914347fa475e706/20240703155606_fileName.pdf'
2024-07-03 15:56:09,029 [INFO] INFO: patient_id:66850288b914347fa475e706, report_id:66850288b914347fa475e706_20240703155606, aws_path:reports/66850288b914347fa475e706/20240703155606_fileName.pdf added to queue!!
2024-07-03 15:56:09,031 [INFO] INFO: patient_id:66850288b914347fa475e706, report_id:66850288b914347fa475e706_20240703155606, aws_path:reports/66850288b914347fa475e706/20240703155606_fileName.pdf processing started!!
2024-07-03 15:56:09,033 [INFO] INFO: Attempting to download file from S3. S3 key: reports/66850288b914347fa475e706/20240703155606_fileName.pdf
2024-07-03 15:56:11,896 [ERROR] ERROR: Failed to download file from S3 - patient_id:66850288b914347fa475e706, report_id:66850288b914347fa475e706_20240703155606, error:An error occurred (404) when calling the HeadObject operation: Not Found
2024-07-03 16:01:29,501 [INFO] INFO: File 'fileName.pdf' uploaded successfully to 'mymedirecords/reports/66850288b914347fa475e706/20240703160127_fileName.pdf'
2024-07-03 16:01:29,501 [INFO] INFO: patient_id:66850288b914347fa475e706, report_id:66850288b914347fa475e706_20240703160127, aws_path:reports/66850288b914347fa475e706/20240703160127_fileName.pdf added to queue!!
2024-07-03 16:01:29,502 [INFO] INFO: patient_id:66850288b914347fa475e706, report_id:66850288b914347fa475e706_20240703160127, aws_path:reports/66850288b914347fa475e706/20240703160127_fileName.pdf processing started!!
2024-07-03 16:01:29,505 [INFO] INFO: Attempting to download file from S3. S3 key: reports/66850288b914347fa475e706/20240703160127_fileName.pdf
2024-07-03 16:01:35,441 [ERROR] ERROR: Failed to download file from S3 - patient_id:66850288b914347fa475e706, report_id:66850288b914347fa475e706_20240703160127, error:An error occurred (404) when calling the HeadObject operation: Not Found
2024-07-03 16:03:11,885 [INFO] INFO: File 'fileName.pdf' uploaded successfully to 'mymedirecords/reports/66850288b914347fa475e706/20240703160309_fileName.pdf'
2024-07-03 16:03:11,886 [INFO] INFO: patient_id:66850288b914347fa475e706, report_id:66850288b914347fa475e706_20240703160309, aws_path:reports/66850288b914347fa475e706/20240703160309_fileName.pdf added to queue!!
2024-07-03 16:03:11,887 [INFO] INFO: patient_id:66850288b914347fa475e706, report_id:66850288b914347fa475e706_20240703160309, aws_path:reports/66850288b914347fa475e706/20240703160309_fileName.pdf processing started!!
2024-07-03 16:03:11,889 [INFO] INFO: Attempting to download file from S3. S3 key: reports/66850288b914347fa475e706/20240703160309_fileName.pdf
2024-07-03 16:03:32,700 [ERROR] ERROR: Failed to download file from S3 - patient_id:66850288b914347fa475e706, report_id:66850288b914347fa475e706_20240703160309, error:An error occurred (404) when calling the HeadObject operation: Not Found
2024-07-03 16:05:38,655 [INFO] INFO: File 'fileName.pdf' uploaded successfully to 'mymedirecords/reports/66850288b914347fa475e706/20240703160536_fileName.pdf'
2024-07-03 16:05:38,656 [INFO] INFO: patient_id:66850288b914347fa475e706, report_id:66850288b914347fa475e706_20240703160536, aws_path:reports/66850288b914347fa475e706/20240703160536_fileName.pdf added to queue!!
2024-07-03 16:05:38,658 [INFO] INFO: patient_id:66850288b914347fa475e706, report_id:66850288b914347fa475e706_20240703160536, aws_path:reports/66850288b914347fa475e706/20240703160536_fileName.pdf processing started!!
2024-07-03 16:05:38,658 [INFO] INFO: Attempting to download file from S3. S3 key: reports/66850288b914347fa475e706/20240703160536_fileName.pdf
2024-07-03 16:07:39,578 [ERROR] ERROR: Failed to download file from S3 - patient_id:66850288b914347fa475e706, report_id:66850288b914347fa475e706_20240703160536, error:An error occurred (404) when calling the HeadObject operation: Not Found
2024-07-03 16:17:12,055 [INFO] INFO: File 'fileName.pdf' uploaded successfully to 'mymedirecords/reports/66850288b914347fa475e706/20240703161709_fileName.pdf'
2024-07-03 16:17:12,056 [INFO] INFO: patient_id:66850288b914347fa475e706, report_id:66850288b914347fa475e706_20240703161709, aws_path:reports/66850288b914347fa475e706/20240703161709_fileName.pdf added to queue!!
2024-07-03 16:17:12,057 [INFO] INFO: patient_id:66850288b914347fa475e706, report_id:66850288b914347fa475e706_20240703161709, aws_path:reports/66850288b914347fa475e706/20240703161709_fileName.pdf processing started!!
2024-07-03 16:17:12,060 [INFO] INFO: Attempting to download file from S3. S3 key: reports/66850288b914347fa475e706/20240703161709_fileName.pdf
2024-07-03 16:17:21,003 [INFO] INFO: patient_id:66850288b914347fa475e706, report_id:66850288b914347fa475e706_20240703161709:: File downloaded successfully!!
2024-07-03 16:17:21,124 [INFO] INFO: patient_id:66850288b914347fa475e706, report_id:66850288b914347fa475e706_20240703161709:: Text extraction completed!!
2024-07-03 16:17:43,343 [INFO] INFO: patient_id:66850288b914347fa475e706, report_id:66850288b914347fa475e706_20240703161709:: Uploaded processed file to S3!!
2024-07-03 16:17:46,542 [ERROR] ERROR: Failed to process report - patient_id:66850288b914347fa475e706, report_id:66850288b914347fa475e706_20240703161709, error:invalid input syntax for type integer: "66850288b914347fa475e706"
LINE 1: DELETE FROM tbltestresults WHERE patientid = '66850288b91434...
                                                     ^

2024-07-03 16:27:16,497 [INFO] INFO: File 'test.pdf' uploaded successfully to 'mymedirecords/reports/66850288b914347fa475e706/20240703162714_test.pdf'
2024-07-03 16:27:16,498 [INFO] INFO: patient_id:66850288b914347fa475e706, report_id:66850288b914347fa475e706_20240703162714, aws_path:reports/66850288b914347fa475e706/20240703162714_test.pdf added to queue!!
2024-07-03 16:27:16,500 [INFO] INFO: patient_id:66850288b914347fa475e706, report_id:66850288b914347fa475e706_20240703162714, aws_path:reports/66850288b914347fa475e706/20240703162714_test.pdf processing started!!
2024-07-03 16:27:16,501 [INFO] INFO: Attempting to download file from S3. S3 key: reports/66850288b914347fa475e706/20240703162714_test.pdf
2024-07-03 16:27:23,051 [INFO] INFO: patient_id:66850288b914347fa475e706, report_id:66850288b914347fa475e706_20240703162714:: File downloaded successfully!!
2024-07-03 16:27:23,136 [INFO] INFO: patient_id:66850288b914347fa475e706, report_id:66850288b914347fa475e706_20240703162714:: Text extraction completed!!
2024-07-03 16:27:24,590 [ERROR] ERROR: Failed to process report - patient_id:66850288b914347fa475e706, report_id:66850288b914347fa475e706_20240703162714, error:Expecting value: line 1 column 1 (char 0)
2024-07-03 16:27:24,591 [ERROR] ERROR: Failed to process report - patient_id:66850288b914347fa475e706, report_id:66850288b914347fa475e706_20240703162714, error:cannot access local variable 'json_file_path' where it is not associated with a value
2024-07-03 16:34:41,334 [INFO] INFO: File 'test.pdf' uploaded successfully to 'mymedirecords/reports/66850288b914347fa475e706/20240703163439_test.pdf'
2024-07-03 16:34:41,334 [INFO] INFO: patient_id:66850288b914347fa475e706, report_id:66850288b914347fa475e706_20240703163439, aws_path:reports/66850288b914347fa475e706/20240703163439_test.pdf added to queue!!
2024-07-03 16:34:41,335 [INFO] INFO: patient_id:66850288b914347fa475e706, report_id:66850288b914347fa475e706_20240703163439, aws_path:reports/66850288b914347fa475e706/20240703163439_test.pdf processing started!!
2024-07-03 16:34:41,337 [INFO] INFO: Attempting to download file from S3. S3 key: reports/66850288b914347fa475e706/20240703163439_test.pdf
2024-07-03 16:34:47,666 [INFO] INFO: patient_id:66850288b914347fa475e706, report_id:66850288b914347fa475e706_20240703163439:: File downloaded successfully!!
2024-07-03 16:34:47,688 [INFO] INFO: patient_id:66850288b914347fa475e706, report_id:66850288b914347fa475e706_20240703163439:: Text extraction completed!!
2024-07-03 16:34:49,110 [ERROR] ERROR: Failed to process report - patient_id:66850288b914347fa475e706, report_id:66850288b914347fa475e706_20240703163439, error:Expecting value: line 1 column 1 (char 0)
2024-07-03 16:34:49,110 [ERROR] ERROR: Failed to process report - patient_id:66850288b914347fa475e706, report_id:66850288b914347fa475e706_20240703163439, error:cannot access local variable 'json_file_path' where it is not associated with a value
2024-07-03 16:36:52,713 [INFO] INFO: File 'test1.pdf' uploaded successfully to 'mymedirecords/reports/66850288b914347fa475e706/20240703163648_test1.pdf'
2024-07-03 16:36:52,714 [INFO] INFO: patient_id:66850288b914347fa475e706, report_id:66850288b914347fa475e706_20240703163648, aws_path:reports/66850288b914347fa475e706/20240703163648_test1.pdf added to queue!!
2024-07-03 16:36:52,714 [INFO] INFO: patient_id:66850288b914347fa475e706, report_id:66850288b914347fa475e706_20240703163648, aws_path:reports/66850288b914347fa475e706/20240703163648_test1.pdf processing started!!
2024-07-03 16:36:52,716 [INFO] INFO: Attempting to download file from S3. S3 key: reports/66850288b914347fa475e706/20240703163648_test1.pdf
2024-07-03 16:37:00,404 [INFO] INFO: patient_id:66850288b914347fa475e706, report_id:66850288b914347fa475e706_20240703163648:: File downloaded successfully!!
2024-07-03 16:37:00,551 [INFO] INFO: patient_id:66850288b914347fa475e706, report_id:66850288b914347fa475e706_20240703163648:: Text extraction completed!!
2024-07-03 16:37:01,524 [ERROR] ERROR: Failed to process report - patient_id:66850288b914347fa475e706, report_id:66850288b914347fa475e706_20240703163648, error:Expecting value: line 1 column 1 (char 0)
2024-07-03 16:37:01,525 [ERROR] ERROR: Failed to process report - patient_id:66850288b914347fa475e706, report_id:66850288b914347fa475e706_20240703163648, error:cannot access local variable 'json_file_path' where it is not associated with a value
2024-07-03 16:37:31,114 [INFO] INFO: File 'fileName.pdf' uploaded successfully to 'mymedirecords/reports/66850288b914347fa475e706/20240703163728_fileName.pdf'
2024-07-03 16:37:31,115 [INFO] INFO: patient_id:66850288b914347fa475e706, report_id:66850288b914347fa475e706_20240703163728, aws_path:reports/66850288b914347fa475e706/20240703163728_fileName.pdf added to queue!!
2024-07-03 16:37:31,115 [INFO] INFO: patient_id:66850288b914347fa475e706, report_id:66850288b914347fa475e706_20240703163728, aws_path:reports/66850288b914347fa475e706/20240703163728_fileName.pdf processing started!!
2024-07-03 16:37:31,118 [INFO] INFO: Attempting to download file from S3. S3 key: reports/66850288b914347fa475e706/20240703163728_fileName.pdf
2024-07-03 16:37:37,669 [INFO] INFO: patient_id:66850288b914347fa475e706, report_id:66850288b914347fa475e706_20240703163728:: File downloaded successfully!!
2024-07-03 16:37:37,830 [INFO] INFO: patient_id:66850288b914347fa475e706, report_id:66850288b914347fa475e706_20240703163728:: Text extraction completed!!
2024-07-03 16:38:07,773 [INFO] INFO: patient_id:66850288b914347fa475e706, report_id:66850288b914347fa475e706_20240703163728:: Uploaded processed file to S3!!
2024-07-03 16:38:10,844 [ERROR] ERROR: Failed to process report - patient_id:66850288b914347fa475e706, report_id:66850288b914347fa475e706_20240703163728, error:invalid input syntax for type integer: "66850288b914347fa475e706"
LINE 1: DELETE FROM tbltestresults WHERE patientid = '66850288b91434...
                                                     ^

2024-07-04 15:22:25,801 [ERROR] ERROR: Failed to upload file - error:
2024-07-04 15:25:28,747 [ERROR] ERROR: Failed to upload file - error:
2024-07-04 15:25:35,520 [ERROR] ERROR: Failed to upload file - error:
2024-07-04 15:25:38,356 [ERROR] ERROR: Failed to upload file - error:
2024-07-04 15:25:39,775 [ERROR] ERROR: Failed to upload file - error:
2024-07-04 15:25:41,439 [ERROR] ERROR: Failed to upload file - error:
2024-07-04 15:25:42,630 [ERROR] ERROR: Failed to upload file - error:
2024-07-04 15:25:47,096 [ERROR] ERROR: Failed to upload file - error:
2024-07-04 15:25:48,635 [ERROR] ERROR: Failed to upload file - error:
2024-07-04 15:25:49,558 [ERROR] ERROR: Failed to upload file - error:
2024-07-04 15:25:50,839 [ERROR] ERROR: Failed to upload file - error:
2024-07-04 15:26:14,589 [ERROR] ERROR: Failed to upload file - error:
2024-07-04 15:26:17,990 [ERROR] ERROR: Failed to upload file - error:
2024-07-04 15:28:24,562 [ERROR] ERROR: Failed to upload file - error:
2024-07-04 15:30:44,649 [ERROR] ERROR: Failed to upload file - error:
2024-07-04 15:31:40,958 [ERROR] ERROR: Failed to upload file - error:
2024-07-04 15:46:14,345 [INFO] INFO: Successfully connected to MongoDB.
2024-07-04 15:46:46,222 [INFO] INFO: File 'fileName.pdf' uploaded successfully to 'mymedirecords/reports/668674961251b5c2ab8b6cfa/20240704154644_fileName.pdf'
2024-07-04 15:46:46,223 [INFO] INFO: patient_id:668674961251b5c2ab8b6cfa, report_id:668674961251b5c2ab8b6cfa_20240704154644, aws_path:reports/668674961251b5c2ab8b6cfa/20240704154644_fileName.pdf added to queue!!
2024-07-04 15:46:46,225 [INFO] INFO: patient_id:668674961251b5c2ab8b6cfa, report_id:668674961251b5c2ab8b6cfa_20240704154644, aws_path:reports/668674961251b5c2ab8b6cfa/20240704154644_fileName.pdf processing started!!
2024-07-04 15:46:46,226 [INFO] INFO: Attempting to download file from S3. S3 key: reports/668674961251b5c2ab8b6cfa/20240704154644_fileName.pdf
2024-07-04 15:46:52,617 [INFO] INFO: patient_id:668674961251b5c2ab8b6cfa, report_id:668674961251b5c2ab8b6cfa_20240704154644:: File downloaded successfully!!
2024-07-04 15:46:52,748 [INFO] INFO: patient_id:668674961251b5c2ab8b6cfa, report_id:668674961251b5c2ab8b6cfa_20240704154644:: Text extraction completed!!
2024-07-04 15:47:18,067 [INFO] INFO: patient_id:668674961251b5c2ab8b6cfa, report_id:668674961251b5c2ab8b6cfa_20240704154644:: Uploaded processed file to S3!!
2024-07-04 15:47:20,587 [ERROR] ERROR: Failed to process report - patient_id:668674961251b5c2ab8b6cfa, report_id:668674961251b5c2ab8b6cfa_20240704154644, error:value "668674961251b5c2ab8b6cfa" is out of range for type integer
LINE 1: DELETE FROM tbltestresults WHERE patientid = '668674961251b5...
                                                     ^

2024-07-04 15:58:16,905 [INFO] INFO: Successfully connected to MongoDB.
2024-07-04 15:58:34,439 [INFO] INFO: File 'fileName.pdf' uploaded successfully to 'mymedirecords/reports/668674961251b5c2ab8b6cfa/20240704155831_fileName.pdf'
2024-07-04 15:58:34,439 [INFO] INFO: patient_id:668674961251b5c2ab8b6cfa, report_id:668674961251b5c2ab8b6cfa_20240704155831, aws_path:reports/668674961251b5c2ab8b6cfa/20240704155831_fileName.pdf added to queue!!
2024-07-04 15:58:34,440 [INFO] INFO: patient_id:668674961251b5c2ab8b6cfa, report_id:668674961251b5c2ab8b6cfa_20240704155831, aws_path:reports/668674961251b5c2ab8b6cfa/20240704155831_fileName.pdf processing started!!
2024-07-04 15:58:34,443 [INFO] INFO: Attempting to download file from S3. S3 key: reports/668674961251b5c2ab8b6cfa/20240704155831_fileName.pdf
2024-07-04 15:58:40,683 [INFO] INFO: patient_id:668674961251b5c2ab8b6cfa, report_id:668674961251b5c2ab8b6cfa_20240704155831:: File downloaded successfully!!
2024-07-04 15:58:40,803 [INFO] INFO: patient_id:668674961251b5c2ab8b6cfa, report_id:668674961251b5c2ab8b6cfa_20240704155831:: Text extraction completed!!
2024-07-04 15:59:07,645 [INFO] INFO: patient_id:668674961251b5c2ab8b6cfa, report_id:668674961251b5c2ab8b6cfa_20240704155831:: Uploaded processed file to S3!!
2024-07-04 15:59:10,105 [ERROR] ERROR: Failed to process report - patient_id:668674961251b5c2ab8b6cfa, report_id:668674961251b5c2ab8b6cfa_20240704155831, error:value "668674961251b5c2ab8b6cfa" is out of range for type integer
LINE 1: DELETE FROM tbltestresults WHERE patientid = '668674961251b5...
                                                     ^

2024-07-04 16:12:05,919 [INFO] INFO: Successfully connected to MongoDB.
2024-07-04 16:12:19,444 [INFO] INFO: File 'fileName.pdf' uploaded successfully to 'mymedirecords/reports/668674961251b5c2ab8b6cfa/20240704161217_fileName.pdf'
2024-07-04 16:12:19,446 [INFO] INFO: patient_id:668674961251b5c2ab8b6cfa, report_id:668674961251b5c2ab8b6cfa_20240704161217, aws_path:reports/668674961251b5c2ab8b6cfa/20240704161217_fileName.pdf added to queue!!
2024-07-04 16:12:19,447 [INFO] INFO: patient_id:668674961251b5c2ab8b6cfa, report_id:668674961251b5c2ab8b6cfa_20240704161217, aws_path:reports/668674961251b5c2ab8b6cfa/20240704161217_fileName.pdf processing started!!
2024-07-04 16:12:19,452 [INFO] INFO: Attempting to download file from S3. S3 key: reports/668674961251b5c2ab8b6cfa/20240704161217_fileName.pdf
2024-07-04 16:12:28,207 [INFO] INFO: patient_id:668674961251b5c2ab8b6cfa, report_id:668674961251b5c2ab8b6cfa_20240704161217:: File downloaded successfully!!
2024-07-04 16:12:28,359 [INFO] INFO: patient_id:668674961251b5c2ab8b6cfa, report_id:668674961251b5c2ab8b6cfa_20240704161217:: Text extraction completed!!
2024-07-04 16:12:49,518 [INFO] INFO: patient_id:668674961251b5c2ab8b6cfa, report_id:668674961251b5c2ab8b6cfa_20240704161217:: Uploaded processed file to S3!!
2024-07-04 16:12:49,942 [ERROR] Error in dump_test_results: value "668674961251b5c2ab8b6cfa" is out of range for type integer
LINE 1: DELETE FROM tbltestresults WHERE patientid = '668674961251b5...
                                                     ^

2024-07-04 16:12:50,149 [ERROR] ERROR: Failed to process report - patient_id:668674961251b5c2ab8b6cfa, report_id:668674961251b5c2ab8b6cfa_20240704161217, error:value "668674961251b5c2ab8b6cfa" is out of range for type integer
LINE 1: DELETE FROM tbltestresults WHERE patientid = '668674961251b5...
                                                     ^

2024-07-04 16:14:29,037 [INFO] INFO: Successfully connected to MongoDB.
2024-07-04 16:24:53,927 [INFO] INFO: Successfully connected to MongoDB.
2024-07-04 16:25:15,888 [INFO] INFO: Successfully connected to MongoDB.
2024-07-04 16:25:20,183 [INFO] INFO: Successfully connected to MongoDB.
2024-07-04 16:25:22,312 [INFO] INFO: Successfully connected to MongoDB.
2024-07-04 16:25:31,817 [INFO] INFO: Successfully connected to MongoDB.
2024-07-04 16:26:07,057 [INFO] INFO: File 'fileName.pdf' uploaded successfully to 'mymedirecords/reports/668674961251b5c2ab8b6cfa/20240704162604_fileName.pdf'
2024-07-04 16:26:07,058 [INFO] INFO: patient_id:668674961251b5c2ab8b6cfa, report_id:668674961251b5c2ab8b6cfa_20240704162604, aws_path:reports/668674961251b5c2ab8b6cfa/20240704162604_fileName.pdf added to queue!!
2024-07-04 16:26:07,061 [INFO] INFO: patient_id:668674961251b5c2ab8b6cfa, report_id:668674961251b5c2ab8b6cfa_20240704162604, aws_path:reports/668674961251b5c2ab8b6cfa/20240704162604_fileName.pdf processing started!!
2024-07-04 16:26:07,062 [INFO] INFO: Attempting to download file from S3. S3 key: reports/668674961251b5c2ab8b6cfa/20240704162604_fileName.pdf
2024-07-04 16:26:13,518 [INFO] INFO: patient_id:668674961251b5c2ab8b6cfa, report_id:668674961251b5c2ab8b6cfa_20240704162604:: File downloaded successfully!!
2024-07-04 16:26:13,705 [INFO] INFO: patient_id:668674961251b5c2ab8b6cfa, report_id:668674961251b5c2ab8b6cfa_20240704162604:: Text extraction completed!!
2024-07-04 16:26:41,008 [INFO] INFO: patient_id:668674961251b5c2ab8b6cfa, report_id:668674961251b5c2ab8b6cfa_20240704162604:: Uploaded processed file to S3!!
2024-07-04 16:26:41,450 [ERROR] Error in dump_test_results: value "668674961251b5c2ab8b6cfa" is out of range for type integer
LINE 1: DELETE FROM tbltestresults WHERE patientid = '668674961251b5...
                                                     ^

2024-07-04 16:26:41,670 [ERROR] ERROR: Failed to process report - patient_id:668674961251b5c2ab8b6cfa, report_id:668674961251b5c2ab8b6cfa_20240704162604, error:value "668674961251b5c2ab8b6cfa" is out of range for type integer
LINE 1: DELETE FROM tbltestresults WHERE patientid = '668674961251b5...
                                                     ^

2024-07-04 16:28:40,220 [INFO] INFO: Successfully connected to MongoDB.
2024-07-04 16:29:20,571 [INFO] INFO: File 'fileName.pdf' uploaded successfully to 'mymedirecords/reports/668674961251b5c2ab8b6cfa/20240704162918_fileName.pdf'
2024-07-04 16:29:20,571 [INFO] INFO: patient_id:668674961251b5c2ab8b6cfa, report_id:668674961251b5c2ab8b6cfa_20240704162918, aws_path:reports/668674961251b5c2ab8b6cfa/20240704162918_fileName.pdf added to queue!!
2024-07-04 16:29:20,572 [INFO] INFO: patient_id:668674961251b5c2ab8b6cfa, report_id:668674961251b5c2ab8b6cfa_20240704162918, aws_path:reports/668674961251b5c2ab8b6cfa/20240704162918_fileName.pdf processing started!!
2024-07-04 16:29:20,578 [INFO] INFO: Attempting to download file from S3. S3 key: reports/668674961251b5c2ab8b6cfa/20240704162918_fileName.pdf
2024-07-04 16:29:29,176 [INFO] INFO: patient_id:668674961251b5c2ab8b6cfa, report_id:668674961251b5c2ab8b6cfa_20240704162918:: File downloaded successfully!!
2024-07-04 16:29:29,306 [INFO] INFO: patient_id:668674961251b5c2ab8b6cfa, report_id:668674961251b5c2ab8b6cfa_20240704162918:: Text extraction completed!!
2024-07-04 16:29:57,576 [INFO] INFO: patient_id:668674961251b5c2ab8b6cfa, report_id:668674961251b5c2ab8b6cfa_20240704162918:: Uploaded processed file to S3!!
2024-07-04 16:29:58,027 [ERROR] Error in dump_test_results: value "668674961251b5c2ab8b6cfa" is out of range for type integer
LINE 1: DELETE FROM tbltestresults WHERE patientid = '668674961251b5...
                                                     ^

2024-07-04 16:29:58,254 [ERROR] ERROR: Failed to process report - patient_id:668674961251b5c2ab8b6cfa, report_id:668674961251b5c2ab8b6cfa_20240704162918, error:value "668674961251b5c2ab8b6cfa" is out of range for type integer
LINE 1: DELETE FROM tbltestresults WHERE patientid = '668674961251b5...
                                                     ^

2024-07-04 16:31:34,391 [INFO] INFO: Successfully connected to MongoDB.
2024-07-04 16:31:41,072 [INFO] INFO: Successfully connected to MongoDB.
2024-07-04 16:32:28,998 [INFO] INFO: Successfully connected to MongoDB.
2024-07-04 16:36:26,734 [INFO] INFO: Successfully connected to MongoDB.
2024-07-04 16:36:44,865 [INFO] INFO: Successfully connected to MongoDB.
2024-07-04 16:36:55,744 [INFO] INFO: Successfully connected to MongoDB.
2024-07-04 16:37:09,333 [INFO] INFO: Successfully connected to MongoDB.
2024-07-04 16:37:34,618 [INFO] INFO: Successfully connected to MongoDB.
